<phyloxml xmlns:xsi="http://www.w3.org/2001/XMLSchema-instance" xmlns="http://www.phyloxml.org" xsi:schemaLocation="http://www.phyloxml.org http://www.phyloxml.org/1.10/phyloxml.xsd">
  <phylogeny rooted="false">
    <clade>
      <clade>
        <branch_length>0.040272139024755925</branch_length>
        <confidence type="unknown">100.0</confidence>
        <clade>
          <name>HanXRQr2Chr15g0699261_Helianthus_annuus</name>
          <branch_length>0.06432654016521622</branch_length>
        </clade>
        <clade>
          <branch_length>0.10867746402773257</branch_length>
          <confidence type="unknown">100.0</confidence>
          <clade>
            <name>KAD7117598.1_Mikania_micrantha</name>
            <branch_length>0.0024470375934077093</branch_length>
          </clade>
          <clade>
            <name>KAD7117613.1_Mikania_micrantha</name>
            <branch_length>0.0012946967977913058</branch_length>
          </clade>
        </clade>
      </clade>
      <clade>
        <branch_length>0.013008437166300383</branch_length>
        <confidence type="unknown">71.0</confidence>
        <clade>
          <branch_length>0.010554447873394743</branch_length>
          <confidence type="unknown">41.0</confidence>
          <clade>
            <name>XP_023772986.1_Lactuca_sativa</name>
            <branch_length>0.09506687300503269</branch_length>
          </clade>
          <clade>
            <name>PWA69808.1_Artemisia_annua</name>
            <branch_length>0.10851132824488775</branch_length>
          </clade>
        </clade>
        <clade>
          <branch_length>0.011656628509614127</branch_length>
          <confidence type="unknown">44.0</confidence>
          <clade>
            <branch_length>0.14911123891715186</branch_length>
            <confidence type="unknown">100.0</confidence>
            <clade>
              <name>XP_017219587.1_Daucus_carota</name>
              <branch_length>0.2576624899610134</branch_length>
            </clade>
            <clade>
              <branch_length>0.03651974159315562</branch_length>
              <confidence type="unknown">80.0</confidence>
              <clade>
                <branch_length>0.06402216092538764</branch_length>
                <confidence type="unknown">100.0</confidence>
                <clade>
                  <branch_length>0.022215599325163954</branch_length>
                  <confidence type="unknown">78.0</confidence>
                  <clade>
                    <branch_length>0.0639501896321279</branch_length>
                    <confidence type="unknown">100.0</confidence>
                    <clade>
                      <branch_length>0.1003816570604654</branch_length>
                      <confidence type="unknown">100.0</confidence>
                      <clade>
                        <branch_length>0.01834060251707334</branch_length>
                        <confidence type="unknown">99.0</confidence>
                        <clade>
                          <branch_length>0.006403334776644035</branch_length>
                          <confidence type="unknown">100.0</confidence>
                          <clade>
                            <name>KAG5579171.1_Solanum_commersonii</name>
                            <branch_length>0.01062243703413197</branch_length>
                          </clade>
                          <clade>
                            <name>XP_006366308.1_Solanum_tuberosum</name>
                            <branch_length>0.011788162977515983</branch_length>
                          </clade>
                        </clade>
                        <clade>
                          <branch_length>0.01354534749056478</branch_length>
                          <confidence type="unknown">99.0</confidence>
                          <clade>
                            <name>XP_004248175.2_Solanum_lycopersicum</name>
                            <branch_length>0.004654436687882859</branch_length>
                          </clade>
                          <clade>
                            <branch_length>1.00000050002909E-06</branch_length>
                            <confidence type="unknown">63.0</confidence>
                            <clade>
                              <name>TMW96171.1_Solanum_chilense</name>
                              <branch_length>0.0011593842679064423</branch_length>
                            </clade>
                            <clade>
                              <branch_length>0.0011594933289135999</branch_length>
                              <confidence type="unknown">83.0</confidence>
                              <clade>
                                <name>XP_015055785.1_Solanum_pennellii</name>
                                <branch_length>1.00000050002909E-06</branch_length>
                              </clade>
                              <clade>
                                <name>XP_027768402.1_Solanum_pennellii</name>
                                <branch_length>1.00000050002909E-06</branch_length>
                              </clade>
                            </clade>
                          </clade>
                        </clade>
                      </clade>
                      <clade>
                        <branch_length>0.039241200903000574</branch_length>
                        <confidence type="unknown">100.0</confidence>
                        <clade>
                          <branch_length>1.00000050002909E-06</branch_length>
                          <confidence type="unknown">68.0</confidence>
                          <clade>
                            <name>PHT37486.1_Capsicum_baccatum</name>
                            <branch_length>0.0024080818817011486</branch_length>
                          </clade>
                          <clade>
                            <branch_length>1.00000050002909E-06</branch_length>
                            <confidence type="unknown">43.0</confidence>
                            <clade>
                              <name>PHT37825.1_Capsicum_baccatum</name>
                              <branch_length>0.019630175199623866</branch_length>
                            </clade>
                            <clade>
                              <branch_length>1.00000050002909E-06</branch_length>
                              <confidence type="unknown">58.0</confidence>
                              <clade>
                                <branch_length>1.00000050002909E-06</branch_length>
                                <confidence type="unknown">30.0</confidence>
                                <clade>
                                  <name>PHT26520.1_Capsicum_baccatum</name>
                                  <branch_length>0.0034574361167520654</branch_length>
                                </clade>
                                <clade>
                                  <name>PHU06281.1_Capsicum_chinense</name>
                                  <branch_length>0.0034584837193679706</branch_length>
                                </clade>
                              </clade>
                              <clade>
                                <branch_length>1.00000050002909E-06</branch_length>
                                <confidence type="unknown">54.0</confidence>
                                <clade>
                                  <name>XP_016542959.1_Capsicum_annuum</name>
                                  <branch_length>1.00000050002909E-06</branch_length>
                                </clade>
                                <clade>
                                  <name>PHT38427.1_Capsicum_baccatum</name>
                                  <branch_length>1.00000050002909E-06</branch_length>
                                </clade>
                              </clade>
                            </clade>
                          </clade>
                        </clade>
                        <clade>
                          <name>PHT26453.1_Capsicum_baccatum</name>
                          <branch_length>0.006941249548834633</branch_length>
                        </clade>
                      </clade>
                    </clade>
                    <clade>
                      <branch_length>0.10854693846909227</branch_length>
                      <confidence type="unknown">100.0</confidence>
                      <clade>
                        <name>XP_019171304.1_Ipomoea_nil</name>
                        <branch_length>0.025209355808180307</branch_length>
                      </clade>
                      <clade>
                        <branch_length>0.009149856473818605</branch_length>
                        <confidence type="unknown">100.0</confidence>
                        <clade>
                          <branch_length>0.0045278818488639</branch_length>
                          <confidence type="unknown">84.0</confidence>
                          <clade>
                            <name>itf14g00270.t1_Ipomoea_trifida</name>
                            <branch_length>0.00977277944515235</branch_length>
                          </clade>
                          <clade>
                            <name>XP_031101362.1_Ipomoea_triloba</name>
                            <branch_length>0.01135454226250326</branch_length>
                          </clade>
                        </clade>
                        <clade>
                          <name>itf14g00240.t1_Ipomoea_trifida</name>
                          <branch_length>0.07570866398924488</branch_length>
                        </clade>
                      </clade>
                    </clade>
                  </clade>
                  <clade>
                    <branch_length>0.17810586863168493</branch_length>
                    <confidence type="unknown">100.0</confidence>
                    <clade>
                      <branch_length>0.0011495240530273903</branch_length>
                      <confidence type="unknown">38.0</confidence>
                      <clade>
                        <name>XP_027097933.1_Coffea_arabica</name>
                        <branch_length>0.002298058603774086</branch_length>
                      </clade>
                      <clade>
                        <branch_length>1.00000050002909E-06</branch_length>
                        <confidence type="unknown">16.0</confidence>
                        <clade>
                          <name>CDP05558.1_Coffea_canephora</name>
                          <branch_length>0.001148687487676802</branch_length>
                        </clade>
                        <clade>
                          <name>XP_027100668.1_Coffea_arabica</name>
                          <branch_length>0.006923163541751521</branch_length>
                        </clade>
                      </clade>
                    </clade>
                    <clade>
                      <branch_length>1.00000050002909E-06</branch_length>
                      <confidence type="unknown">75.0</confidence>
                      <clade>
                        <name>XP_027153382.1_Coffea_eugenioides</name>
                        <branch_length>1.00000050002909E-06</branch_length>
                      </clade>
                      <clade>
                        <name>XP_027185361.1_Coffea_eugenioides</name>
                        <branch_length>1.00000050002909E-06</branch_length>
                      </clade>
                    </clade>
                  </clade>
                </clade>
                <clade>
                  <branch_length>0.0417280857041862</branch_length>
                  <confidence type="unknown">97.0</confidence>
                  <clade>
                    <branch_length>0.2526253507737271</branch_length>
                    <confidence type="unknown">100.0</confidence>
                    <clade>
                      <name>CAA3014709.1_Olea_europaea_subsp._Europaea</name>
                      <branch_length>0.0011684019353781154</branch_length>
                    </clade>
                    <clade>
                      <name>XP_022877138.1_Olea_europaea_var._sylvestris</name>
                      <branch_length>1.00000050002909E-06</branch_length>
                    </clade>
                  </clade>
                  <clade>
                    <branch_length>0.10689558652660891</branch_length>
                    <confidence type="unknown">100.0</confidence>
                    <clade>
                      <name>GFP83585.1_Phtheirospermum_japonicum</name>
                      <branch_length>0.13546861115986047</branch_length>
                    </clade>
                    <clade>
                      <branch_length>0.0751566161132295</branch_length>
                      <confidence type="unknown">100.0</confidence>
                      <clade>
                        <branch_length>1.00000050002909E-06</branch_length>
                        <confidence type="unknown">100.0</confidence>
                        <clade>
                          <name>XP_011070551.1_Sesamum_indicum</name>
                          <branch_length>1.00000050002909E-06</branch_length>
                        </clade>
                        <clade>
                          <name>XP_020547439.1_Sesamum_indicum</name>
                          <branch_length>1.00000050002909E-06</branch_length>
                        </clade>
                      </clade>
                      <clade>
                        <name>XP_020547440.1_Sesamum_indicum</name>
                        <branch_length>1.00000050002909E-06</branch_length>
                      </clade>
                    </clade>
                  </clade>
                </clade>
              </clade>
              <clade>
                <branch_length>0.0657337555530755</branch_length>
                <confidence type="unknown">99.0</confidence>
                <clade>
                  <branch_length>0.06025231217132266</branch_length>
                  <confidence type="unknown">89.0</confidence>
                  <clade>
                    <branch_length>0.5694486754129332</branch_length>
                    <confidence type="unknown">100.0</confidence>
                    <clade>
                      <name>KAA8529860.1_Nyssa_sinensis</name>
                      <branch_length>0.03712900722008769</branch_length>
                    </clade>
                    <clade>
                      <name>KAA8529869.1_Nyssa_sinensis</name>
                      <branch_length>0.13138749411046702</branch_length>
                    </clade>
                  </clade>
                  <clade>
                    <branch_length>0.3906826795535435</branch_length>
                    <confidence type="unknown">100.0</confidence>
                    <clade>
                      <name>KAA8529870.1_Nyssa_sinensis</name>
                      <branch_length>1.00000050002909E-06</branch_length>
                    </clade>
                    <clade>
                      <name>KAA8529868.1_Nyssa_sinensis</name>
                      <branch_length>0.0038966799372236187</branch_length>
                    </clade>
                  </clade>
                </clade>
                <clade>
                  <name>KAA8529814.1_Nyssa_sinensis</name>
                  <branch_length>0.07329121662933416</branch_length>
                </clade>
              </clade>
            </clade>
          </clade>
          <clade>
            <branch_length>0.05444191691626256</branch_length>
            <confidence type="unknown">100.0</confidence>
            <clade>
              <name>XP_024993454.1_Cynara_cardunculus_var._scolymus</name>
              <branch_length>1.00000050002909E-06</branch_length>
            </clade>
            <clade>
              <name>XP_024993455.1_Cynara_cardunculus_var._scolymus</name>
              <branch_length>1.00000050002909E-06</branch_length>
            </clade>
          </clade>
        </clade>
      </clade>
      <clade>
        <name>XP_043640332.1_Erigeron_canadensis</name>
        <branch_length>0.09486141208061669</branch_length>
      </clade>
    </clade>
  </phylogeny>
</phyloxml>